<?xml version="1.0" encoding="UTF-8"?>
<!-- Generated by org.testng.reporters.JUnitReportReporter -->
<testsuite hostname="Lenovo" failures="0" tests="1" name="Extent_Report.SampleReport" time="0.473" errors="0" timestamp="2024-05-30T09:51:37 IST" skipped="0">
  <testcase classname="Extent_Report.SampleReport" name="launchtheReport" time="0.473"/>
  <system-out/>
</testsuite> <!-- Extent_Report.SampleReport -->
