<?xml version="1.0" encoding="UTF-8"?>
<!-- Generated by org.testng.reporters.JUnitReportReporter -->
<testsuite hostname="Lenovo" failures="0" tests="1" name="Assertion.AssertEqual" time="14.069" errors="0" timestamp="2024-05-29T23:26:13 IST" skipped="0">
  <testcase classname="Assertion.AssertEqual" name="hardAssert" time="14.069"/>
  <system-out/>
</testsuite> <!-- Assertion.AssertEqual -->
